<?xml version="1.0" encoding="UTF-8"?>
<testsuite name="com.efrei.AppTest" tests="1" skipped="0" failures="0" errors="0" timestamp="2015-02-02T09:06:31" hostname="inspiron-PC" time="0.005">
  <properties/>
  <testcase name="testApp" classname="com.efrei.AppTest" time="0.005"/>
  <system-out><![CDATA[]]></system-out>
  <system-err><![CDATA[]]></system-err>
</testsuite>
